#! /home/arachnid/miniforge3/envs/ee/bin/vvp
:ivl_version "12.0 (stable)";
:ivl_delay_selection "TYPICAL";
:vpi_time_precision + 0;
:vpi_module "/home/arachnid/miniforge3/envs/ee/lib/ivl/system.vpi";
:vpi_module "/home/arachnid/miniforge3/envs/ee/lib/ivl/vhdl_sys.vpi";
:vpi_module "/home/arachnid/miniforge3/envs/ee/lib/ivl/vhdl_textio.vpi";
:vpi_module "/home/arachnid/miniforge3/envs/ee/lib/ivl/v2005_math.vpi";
:vpi_module "/home/arachnid/miniforge3/envs/ee/lib/ivl/va_math.vpi";
:vpi_module "/home/arachnid/miniforge3/envs/ee/lib/ivl/v2009.vpi";
S_0x5f7f29ff13d0 .scope package, "$unit" "$unit" 2 1;
 .timescale 0 0;
S_0x5f7f2a030de0 .scope module, "alu_control_tb" "alu_control_tb" 3 1;
 .timescale 0 0;
P_0x5f7f29fef500 .param/l "ALU_CTRL_ADD" 1 3 12, C4<0000>;
P_0x5f7f29fef540 .param/l "ALU_CTRL_AND" 1 3 14, C4<0010>;
P_0x5f7f29fef580 .param/l "ALU_CTRL_OR" 1 3 15, C4<0011>;
P_0x5f7f29fef5c0 .param/l "ALU_CTRL_SLL" 1 3 19, C4<0111>;
P_0x5f7f29fef600 .param/l "ALU_CTRL_SLT" 1 3 17, C4<0101>;
P_0x5f7f29fef640 .param/l "ALU_CTRL_SLTU" 1 3 18, C4<0110>;
P_0x5f7f29fef680 .param/l "ALU_CTRL_SRA" 1 3 21, C4<1001>;
P_0x5f7f29fef6c0 .param/l "ALU_CTRL_SRL" 1 3 20, C4<1000>;
P_0x5f7f29fef700 .param/l "ALU_CTRL_SUB" 1 3 13, C4<0001>;
P_0x5f7f29fef740 .param/l "ALU_CTRL_XOR" 1 3 16, C4<0100>;
P_0x5f7f29fef780 .param/l "ALU_OP_BRANCH" 1 3 8, C4<01>;
P_0x5f7f29fef7c0 .param/l "ALU_OP_I_TYPE" 1 3 10, C4<11>;
P_0x5f7f29fef800 .param/l "ALU_OP_LOAD_STORE_IMM" 1 3 7, C4<00>;
P_0x5f7f29fef840 .param/l "ALU_OP_R_TYPE" 1 3 9, C4<10>;
v0x5f7f2a055f80_0 .net "alu_ctrl", 3 0, v0x5f7f2a055a70_0;  1 drivers
v0x5f7f2a056060_0 .var "alu_op", 1 0;
v0x5f7f2a056100_0 .var "funct3", 2 0;
v0x5f7f2a0561d0_0 .var "funct7", 6 0;
S_0x5f7f2a030f70 .scope autotask, "check_ctrl" "check_ctrl" 3 30, 3 30 0, S_0x5f7f2a030de0;
 .timescale 0 0;
v0x5f7f2a031150_0 .var "expected_ctrl", 3 0;
v0x5f7f2a054d70_0 .var/str "test_name";
TD_alu_control_tb.check_ctrl ;
    %delay 1, 0;
    %load/vec4 v0x5f7f2a055f80_0;
    %load/vec4 v0x5f7f2a031150_0;
    %cmp/ne;
    %jmp/0xz  T_0.0, 6;
    %vpi_call/w 3 37 "$display", "FAIL: %s | expected ctrl=%b, got ctrl=%b", v0x5f7f2a054d70_0, v0x5f7f2a031150_0, v0x5f7f2a055f80_0 {0 0 0};
    %vpi_call/w 3 38 "$fatal", 32'sb00000000000000000000000000000001 {0 0 0};
T_0.0 ;
    %vpi_call/w 3 40 "$display", "PASS: %s", v0x5f7f2a054d70_0 {0 0 0};
    %end;
S_0x5f7f2a054e30 .scope module, "dut" "alu_control" 3 23, 4 1 0, S_0x5f7f2a030de0;
 .timescale 0 0;
    .port_info 0 /INPUT 2 "alu_op";
    .port_info 1 /INPUT 3 "funct3";
    .port_info 2 /INPUT 7 "funct7";
    .port_info 3 /OUTPUT 4 "alu_ctrl";
P_0x5f7f2a055030 .param/l "ALU_CTRL_ADD" 1 4 12, C4<0000>;
P_0x5f7f2a055070 .param/l "ALU_CTRL_AND" 1 4 14, C4<0010>;
P_0x5f7f2a0550b0 .param/l "ALU_CTRL_OR" 1 4 15, C4<0011>;
P_0x5f7f2a0550f0 .param/l "ALU_CTRL_SLL" 1 4 19, C4<0111>;
P_0x5f7f2a055130 .param/l "ALU_CTRL_SLT" 1 4 17, C4<0101>;
P_0x5f7f2a055170 .param/l "ALU_CTRL_SLTU" 1 4 18, C4<0110>;
P_0x5f7f2a0551b0 .param/l "ALU_CTRL_SRA" 1 4 21, C4<1001>;
P_0x5f7f2a0551f0 .param/l "ALU_CTRL_SRL" 1 4 20, C4<1000>;
P_0x5f7f2a055230 .param/l "ALU_CTRL_SUB" 1 4 13, C4<0001>;
P_0x5f7f2a055270 .param/l "ALU_CTRL_XOR" 1 4 16, C4<0100>;
P_0x5f7f2a0552b0 .param/l "ALU_OP_BRANCH" 1 4 8, C4<01>;
P_0x5f7f2a0552f0 .param/l "ALU_OP_I_TYPE" 1 4 10, C4<11>;
P_0x5f7f2a055330 .param/l "ALU_OP_LOAD_STORE_IMM" 1 4 7, C4<00>;
P_0x5f7f2a055370 .param/l "ALU_OP_R_TYPE" 1 4 9, C4<10>;
v0x5f7f2a055a70_0 .var "alu_ctrl", 3 0;
v0x5f7f2a055b70_0 .net "alu_op", 1 0, v0x5f7f2a056060_0;  1 drivers
v0x5f7f2a055c50_0 .net "funct3", 2 0, v0x5f7f2a056100_0;  1 drivers
v0x5f7f2a055d10_0 .net "funct7", 6 0, v0x5f7f2a0561d0_0;  1 drivers
v0x5f7f2a055df0_0 .net "funct7_is_subtract", 0 0, L_0x5f7f2a0562a0;  1 drivers
E_0x5f7f2a02afe0 .event anyedge, v0x5f7f2a055b70_0, v0x5f7f2a055c50_0, v0x5f7f2a055df0_0;
L_0x5f7f2a0562a0 .part v0x5f7f2a0561d0_0, 5, 1;
    .scope S_0x5f7f2a054e30;
T_1 ;
Ewait_0 .event/or E_0x5f7f2a02afe0, E_0x0;
    %wait Ewait_0;
    %pushi/vec4 0, 0, 4;
    %store/vec4 v0x5f7f2a055a70_0, 0, 4;
    %load/vec4 v0x5f7f2a055b70_0;
    %dup/vec4;
    %pushi/vec4 0, 0, 2;
    %cmp/u;
    %jmp/1 T_1.0, 6;
    %dup/vec4;
    %pushi/vec4 1, 0, 2;
    %cmp/u;
    %jmp/1 T_1.1, 6;
    %dup/vec4;
    %pushi/vec4 2, 0, 2;
    %cmp/u;
    %jmp/1 T_1.2, 6;
    %dup/vec4;
    %pushi/vec4 3, 0, 2;
    %cmp/u;
    %jmp/1 T_1.3, 6;
    %pushi/vec4 0, 0, 4;
    %store/vec4 v0x5f7f2a055a70_0, 0, 4;
    %jmp T_1.5;
T_1.0 ;
    %pushi/vec4 0, 0, 4;
    %store/vec4 v0x5f7f2a055a70_0, 0, 4;
    %jmp T_1.5;
T_1.1 ;
    %pushi/vec4 1, 0, 4;
    %store/vec4 v0x5f7f2a055a70_0, 0, 4;
    %jmp T_1.5;
T_1.2 ;
    %load/vec4 v0x5f7f2a055c50_0;
    %dup/vec4;
    %pushi/vec4 0, 0, 3;
    %cmp/u;
    %jmp/1 T_1.6, 6;
    %dup/vec4;
    %pushi/vec4 1, 0, 3;
    %cmp/u;
    %jmp/1 T_1.7, 6;
    %dup/vec4;
    %pushi/vec4 2, 0, 3;
    %cmp/u;
    %jmp/1 T_1.8, 6;
    %dup/vec4;
    %pushi/vec4 3, 0, 3;
    %cmp/u;
    %jmp/1 T_1.9, 6;
    %dup/vec4;
    %pushi/vec4 4, 0, 3;
    %cmp/u;
    %jmp/1 T_1.10, 6;
    %dup/vec4;
    %pushi/vec4 5, 0, 3;
    %cmp/u;
    %jmp/1 T_1.11, 6;
    %dup/vec4;
    %pushi/vec4 6, 0, 3;
    %cmp/u;
    %jmp/1 T_1.12, 6;
    %dup/vec4;
    %pushi/vec4 7, 0, 3;
    %cmp/u;
    %jmp/1 T_1.13, 6;
    %pushi/vec4 0, 0, 4;
    %store/vec4 v0x5f7f2a055a70_0, 0, 4;
    %jmp T_1.15;
T_1.6 ;
    %load/vec4 v0x5f7f2a055df0_0;
    %flag_set/vec4 8;
    %jmp/0 T_1.16, 8;
    %pushi/vec4 1, 0, 4;
    %jmp/1 T_1.17, 8;
T_1.16 ; End of true expr.
    %pushi/vec4 0, 0, 4;
    %jmp/0 T_1.17, 8;
 ; End of false expr.
    %blend;
T_1.17;
    %store/vec4 v0x5f7f2a055a70_0, 0, 4;
    %jmp T_1.15;
T_1.7 ;
    %pushi/vec4 7, 0, 4;
    %store/vec4 v0x5f7f2a055a70_0, 0, 4;
    %jmp T_1.15;
T_1.8 ;
    %pushi/vec4 5, 0, 4;
    %store/vec4 v0x5f7f2a055a70_0, 0, 4;
    %jmp T_1.15;
T_1.9 ;
    %pushi/vec4 6, 0, 4;
    %store/vec4 v0x5f7f2a055a70_0, 0, 4;
    %jmp T_1.15;
T_1.10 ;
    %pushi/vec4 4, 0, 4;
    %store/vec4 v0x5f7f2a055a70_0, 0, 4;
    %jmp T_1.15;
T_1.11 ;
    %load/vec4 v0x5f7f2a055df0_0;
    %flag_set/vec4 8;
    %jmp/0 T_1.18, 8;
    %pushi/vec4 9, 0, 4;
    %jmp/1 T_1.19, 8;
T_1.18 ; End of true expr.
    %pushi/vec4 8, 0, 4;
    %jmp/0 T_1.19, 8;
 ; End of false expr.
    %blend;
T_1.19;
    %store/vec4 v0x5f7f2a055a70_0, 0, 4;
    %jmp T_1.15;
T_1.12 ;
    %pushi/vec4 3, 0, 4;
    %store/vec4 v0x5f7f2a055a70_0, 0, 4;
    %jmp T_1.15;
T_1.13 ;
    %pushi/vec4 2, 0, 4;
    %store/vec4 v0x5f7f2a055a70_0, 0, 4;
    %jmp T_1.15;
T_1.15 ;
    %pop/vec4 1;
    %jmp T_1.5;
T_1.3 ;
    %load/vec4 v0x5f7f2a055c50_0;
    %dup/vec4;
    %pushi/vec4 0, 0, 3;
    %cmp/u;
    %jmp/1 T_1.20, 6;
    %dup/vec4;
    %pushi/vec4 2, 0, 3;
    %cmp/u;
    %jmp/1 T_1.21, 6;
    %dup/vec4;
    %pushi/vec4 3, 0, 3;
    %cmp/u;
    %jmp/1 T_1.22, 6;
    %dup/vec4;
    %pushi/vec4 4, 0, 3;
    %cmp/u;
    %jmp/1 T_1.23, 6;
    %dup/vec4;
    %pushi/vec4 6, 0, 3;
    %cmp/u;
    %jmp/1 T_1.24, 6;
    %dup/vec4;
    %pushi/vec4 7, 0, 3;
    %cmp/u;
    %jmp/1 T_1.25, 6;
    %dup/vec4;
    %pushi/vec4 1, 0, 3;
    %cmp/u;
    %jmp/1 T_1.26, 6;
    %dup/vec4;
    %pushi/vec4 5, 0, 3;
    %cmp/u;
    %jmp/1 T_1.27, 6;
    %pushi/vec4 0, 0, 4;
    %store/vec4 v0x5f7f2a055a70_0, 0, 4;
    %jmp T_1.29;
T_1.20 ;
    %pushi/vec4 0, 0, 4;
    %store/vec4 v0x5f7f2a055a70_0, 0, 4;
    %jmp T_1.29;
T_1.21 ;
    %pushi/vec4 5, 0, 4;
    %store/vec4 v0x5f7f2a055a70_0, 0, 4;
    %jmp T_1.29;
T_1.22 ;
    %pushi/vec4 6, 0, 4;
    %store/vec4 v0x5f7f2a055a70_0, 0, 4;
    %jmp T_1.29;
T_1.23 ;
    %pushi/vec4 4, 0, 4;
    %store/vec4 v0x5f7f2a055a70_0, 0, 4;
    %jmp T_1.29;
T_1.24 ;
    %pushi/vec4 3, 0, 4;
    %store/vec4 v0x5f7f2a055a70_0, 0, 4;
    %jmp T_1.29;
T_1.25 ;
    %pushi/vec4 2, 0, 4;
    %store/vec4 v0x5f7f2a055a70_0, 0, 4;
    %jmp T_1.29;
T_1.26 ;
    %pushi/vec4 7, 0, 4;
    %store/vec4 v0x5f7f2a055a70_0, 0, 4;
    %jmp T_1.29;
T_1.27 ;
    %load/vec4 v0x5f7f2a055df0_0;
    %flag_set/vec4 8;
    %jmp/0 T_1.30, 8;
    %pushi/vec4 9, 0, 4;
    %jmp/1 T_1.31, 8;
T_1.30 ; End of true expr.
    %pushi/vec4 8, 0, 4;
    %jmp/0 T_1.31, 8;
 ; End of false expr.
    %blend;
T_1.31;
    %store/vec4 v0x5f7f2a055a70_0, 0, 4;
    %jmp T_1.29;
T_1.29 ;
    %pop/vec4 1;
    %jmp T_1.5;
T_1.5 ;
    %pop/vec4 1;
    %jmp T_1;
    .thread T_1, $push;
    .scope S_0x5f7f2a030de0;
T_2 ;
    %vpi_call/w 3 45 "$dumpfile", "dump.vcd" {0 0 0};
    %vpi_call/w 3 46 "$dumpvars", 32'sb00000000000000000000000000000000, S_0x5f7f2a030de0 {0 0 0};
    %pushi/vec4 0, 0, 2;
    %store/vec4 v0x5f7f2a056060_0, 0, 2;
    %pushi/vec4 0, 0, 3;
    %store/vec4 v0x5f7f2a056100_0, 0, 3;
    %pushi/vec4 0, 0, 7;
    %store/vec4 v0x5f7f2a0561d0_0, 0, 7;
    %alloc S_0x5f7f2a030f70;
    %pushi/vec4 0, 0, 4;
    %store/vec4 v0x5f7f2a031150_0, 0, 4;
    %pushi/str "Load/Store/Addi use ADD";
    %store/str v0x5f7f2a054d70_0;
    %fork TD_alu_control_tb.check_ctrl, S_0x5f7f2a030f70;
    %join;
    %free S_0x5f7f2a030f70;
    %pushi/vec4 1, 0, 2;
    %store/vec4 v0x5f7f2a056060_0, 0, 2;
    %alloc S_0x5f7f2a030f70;
    %pushi/vec4 1, 0, 4;
    %store/vec4 v0x5f7f2a031150_0, 0, 4;
    %pushi/str "Branch uses SUB";
    %store/str v0x5f7f2a054d70_0;
    %fork TD_alu_control_tb.check_ctrl, S_0x5f7f2a030f70;
    %join;
    %free S_0x5f7f2a030f70;
    %pushi/vec4 2, 0, 2;
    %store/vec4 v0x5f7f2a056060_0, 0, 2;
    %pushi/vec4 0, 0, 3;
    %store/vec4 v0x5f7f2a056100_0, 0, 3;
    %pushi/vec4 0, 0, 7;
    %store/vec4 v0x5f7f2a0561d0_0, 0, 7;
    %alloc S_0x5f7f2a030f70;
    %pushi/vec4 0, 0, 4;
    %store/vec4 v0x5f7f2a031150_0, 0, 4;
    %pushi/str "R-type ADD";
    %store/str v0x5f7f2a054d70_0;
    %fork TD_alu_control_tb.check_ctrl, S_0x5f7f2a030f70;
    %join;
    %free S_0x5f7f2a030f70;
    %pushi/vec4 32, 0, 7;
    %store/vec4 v0x5f7f2a0561d0_0, 0, 7;
    %alloc S_0x5f7f2a030f70;
    %pushi/vec4 1, 0, 4;
    %store/vec4 v0x5f7f2a031150_0, 0, 4;
    %pushi/str "R-type SUB";
    %store/str v0x5f7f2a054d70_0;
    %fork TD_alu_control_tb.check_ctrl, S_0x5f7f2a030f70;
    %join;
    %free S_0x5f7f2a030f70;
    %pushi/vec4 1, 0, 3;
    %store/vec4 v0x5f7f2a056100_0, 0, 3;
    %pushi/vec4 0, 0, 7;
    %store/vec4 v0x5f7f2a0561d0_0, 0, 7;
    %alloc S_0x5f7f2a030f70;
    %pushi/vec4 7, 0, 4;
    %store/vec4 v0x5f7f2a031150_0, 0, 4;
    %pushi/str "R-type SLL";
    %store/str v0x5f7f2a054d70_0;
    %fork TD_alu_control_tb.check_ctrl, S_0x5f7f2a030f70;
    %join;
    %free S_0x5f7f2a030f70;
    %pushi/vec4 5, 0, 3;
    %store/vec4 v0x5f7f2a056100_0, 0, 3;
    %pushi/vec4 0, 0, 7;
    %store/vec4 v0x5f7f2a0561d0_0, 0, 7;
    %alloc S_0x5f7f2a030f70;
    %pushi/vec4 8, 0, 4;
    %store/vec4 v0x5f7f2a031150_0, 0, 4;
    %pushi/str "R-type SRL";
    %store/str v0x5f7f2a054d70_0;
    %fork TD_alu_control_tb.check_ctrl, S_0x5f7f2a030f70;
    %join;
    %free S_0x5f7f2a030f70;
    %pushi/vec4 32, 0, 7;
    %store/vec4 v0x5f7f2a0561d0_0, 0, 7;
    %alloc S_0x5f7f2a030f70;
    %pushi/vec4 9, 0, 4;
    %store/vec4 v0x5f7f2a031150_0, 0, 4;
    %pushi/str "R-type SRA";
    %store/str v0x5f7f2a054d70_0;
    %fork TD_alu_control_tb.check_ctrl, S_0x5f7f2a030f70;
    %join;
    %free S_0x5f7f2a030f70;
    %pushi/vec4 3, 0, 2;
    %store/vec4 v0x5f7f2a056060_0, 0, 2;
    %pushi/vec4 4, 0, 3;
    %store/vec4 v0x5f7f2a056100_0, 0, 3;
    %pushi/vec4 0, 0, 7;
    %store/vec4 v0x5f7f2a0561d0_0, 0, 7;
    %alloc S_0x5f7f2a030f70;
    %pushi/vec4 4, 0, 4;
    %store/vec4 v0x5f7f2a031150_0, 0, 4;
    %pushi/str "I-type XORI";
    %store/str v0x5f7f2a054d70_0;
    %fork TD_alu_control_tb.check_ctrl, S_0x5f7f2a030f70;
    %join;
    %free S_0x5f7f2a030f70;
    %pushi/vec4 5, 0, 3;
    %store/vec4 v0x5f7f2a056100_0, 0, 3;
    %pushi/vec4 32, 0, 7;
    %store/vec4 v0x5f7f2a0561d0_0, 0, 7;
    %alloc S_0x5f7f2a030f70;
    %pushi/vec4 9, 0, 4;
    %store/vec4 v0x5f7f2a031150_0, 0, 4;
    %pushi/str "I-type SRAI";
    %store/str v0x5f7f2a054d70_0;
    %fork TD_alu_control_tb.check_ctrl, S_0x5f7f2a030f70;
    %join;
    %free S_0x5f7f2a030f70;
    %pushi/vec4 7, 0, 3;
    %store/vec4 v0x5f7f2a056100_0, 0, 3;
    %pushi/vec4 0, 0, 7;
    %store/vec4 v0x5f7f2a0561d0_0, 0, 7;
    %alloc S_0x5f7f2a030f70;
    %pushi/vec4 2, 0, 4;
    %store/vec4 v0x5f7f2a031150_0, 0, 4;
    %pushi/str "I-type ANDI";
    %store/str v0x5f7f2a054d70_0;
    %fork TD_alu_control_tb.check_ctrl, S_0x5f7f2a030f70;
    %join;
    %free S_0x5f7f2a030f70;
    %vpi_call/w 3 88 "$display", "All ALU control tests passed." {0 0 0};
    %vpi_call/w 3 89 "$finish" {0 0 0};
    %end;
    .thread T_2;
# The file index is used to find the file name in the following table.
:file_names 5;
    "N/A";
    "<interactive>";
    "-";
    "../tb/alu_control_tb.sv";
    "../rtl/alu_control.sv";
