#! /home/arachnid/miniforge3/envs/ee/bin/vvp
:ivl_version "12.0 (stable)";
:ivl_delay_selection "TYPICAL";
:vpi_time_precision + 0;
:vpi_module "/home/arachnid/miniforge3/envs/ee/lib/ivl/system.vpi";
:vpi_module "/home/arachnid/miniforge3/envs/ee/lib/ivl/vhdl_sys.vpi";
:vpi_module "/home/arachnid/miniforge3/envs/ee/lib/ivl/vhdl_textio.vpi";
:vpi_module "/home/arachnid/miniforge3/envs/ee/lib/ivl/v2005_math.vpi";
:vpi_module "/home/arachnid/miniforge3/envs/ee/lib/ivl/va_math.vpi";
:vpi_module "/home/arachnid/miniforge3/envs/ee/lib/ivl/v2009.vpi";
S_0x60349a5be3d0 .scope package, "$unit" "$unit" 2 1;
 .timescale 0 0;
S_0x60349a5fd180 .scope module, "alu_tb" "alu_tb" 3 1;
 .timescale 0 0;
P_0x60349a5fd310 .param/l "ALU_CTRL_ADD" 1 3 8, C4<0000>;
P_0x60349a5fd350 .param/l "ALU_CTRL_AND" 1 3 10, C4<0010>;
P_0x60349a5fd390 .param/l "ALU_CTRL_OR" 1 3 11, C4<0011>;
P_0x60349a5fd3d0 .param/l "ALU_CTRL_PASS" 1 3 18, C4<1010>;
P_0x60349a5fd410 .param/l "ALU_CTRL_SLL" 1 3 15, C4<0111>;
P_0x60349a5fd450 .param/l "ALU_CTRL_SLT" 1 3 13, C4<0101>;
P_0x60349a5fd490 .param/l "ALU_CTRL_SLTU" 1 3 14, C4<0110>;
P_0x60349a5fd4d0 .param/l "ALU_CTRL_SRA" 1 3 17, C4<1001>;
P_0x60349a5fd510 .param/l "ALU_CTRL_SRL" 1 3 16, C4<1000>;
P_0x60349a5fd550 .param/l "ALU_CTRL_SUB" 1 3 9, C4<0001>;
P_0x60349a5fd590 .param/l "ALU_CTRL_XOR" 1 3 12, C4<0100>;
v0x60349a624e10_0 .var "alu_ctrl", 3 0;
v0x60349a624ef0_0 .var "operand_a", 31 0;
v0x60349a624f90_0 .var "operand_b", 31 0;
v0x60349a625030_0 .net "result", 31 0, v0x60349a6248e0_0;  1 drivers
v0x60349a6250d0_0 .net "zero", 0 0, L_0x60349a635270;  1 drivers
S_0x60349a5bc500 .scope autotask, "check_result" "check_result" 3 28, 3 28 0, S_0x60349a5fd180;
 .timescale 0 0;
v0x60349a5bc6e0_0 .var "expected_result", 31 0;
v0x60349a6239e0_0 .var "expected_zero", 0 0;
v0x60349a623aa0_0 .var/str "test_name";
TD_alu_tb.check_result ;
    %delay 1, 0;
    %load/vec4 v0x60349a625030_0;
    %load/vec4 v0x60349a5bc6e0_0;
    %cmp/ne;
    %jmp/1 T_0.2, 6;
    %flag_mov 8, 6;
    %load/vec4 v0x60349a6250d0_0;
    %load/vec4 v0x60349a6239e0_0;
    %cmp/ne;
    %flag_or 6, 8;
T_0.2;
    %jmp/0xz  T_0.0, 6;
    %vpi_call/w 3 36 "$display", "FAIL: %s | expected result=%h zero=%0b, got result=%h zero=%0b", v0x60349a623aa0_0, v0x60349a5bc6e0_0, v0x60349a6239e0_0, v0x60349a625030_0, v0x60349a6250d0_0 {0 0 0};
    %vpi_call/w 3 37 "$fatal", 32'sb00000000000000000000000000000001 {0 0 0};
T_0.0 ;
    %vpi_call/w 3 39 "$display", "PASS: %s", v0x60349a623aa0_0 {0 0 0};
    %end;
S_0x60349a623b40 .scope module, "dut" "alu" 3 20, 4 1 0, S_0x60349a5fd180;
 .timescale 0 0;
    .port_info 0 /INPUT 32 "operand_a";
    .port_info 1 /INPUT 32 "operand_b";
    .port_info 2 /INPUT 4 "alu_ctrl";
    .port_info 3 /OUTPUT 32 "result";
    .port_info 4 /OUTPUT 1 "zero";
P_0x60349a623d40 .param/l "ALU_CTRL_ADD" 1 4 8, C4<0000>;
P_0x60349a623d80 .param/l "ALU_CTRL_AND" 1 4 10, C4<0010>;
P_0x60349a623dc0 .param/l "ALU_CTRL_OR" 1 4 11, C4<0011>;
P_0x60349a623e00 .param/l "ALU_CTRL_PASS" 1 4 18, C4<1010>;
P_0x60349a623e40 .param/l "ALU_CTRL_SLL" 1 4 15, C4<0111>;
P_0x60349a623e80 .param/l "ALU_CTRL_SLT" 1 4 13, C4<0101>;
P_0x60349a623ec0 .param/l "ALU_CTRL_SLTU" 1 4 14, C4<0110>;
P_0x60349a623f00 .param/l "ALU_CTRL_SRA" 1 4 17, C4<1001>;
P_0x60349a623f40 .param/l "ALU_CTRL_SRL" 1 4 16, C4<1000>;
P_0x60349a623f80 .param/l "ALU_CTRL_SUB" 1 4 9, C4<0001>;
P_0x60349a623fc0 .param/l "ALU_CTRL_XOR" 1 4 12, C4<0100>;
L_0x7af2ac491018 .functor BUFT 1, C4<00000000000000000000000000000000>, C4<0>, C4<0>, C4<0>;
v0x60349a624560_0 .net/2u *"_ivl_2", 31 0, L_0x7af2ac491018;  1 drivers
v0x60349a624660_0 .net "alu_ctrl", 3 0, v0x60349a624e10_0;  1 drivers
v0x60349a624740_0 .net "operand_a", 31 0, v0x60349a624ef0_0;  1 drivers
v0x60349a624800_0 .net "operand_b", 31 0, v0x60349a624f90_0;  1 drivers
v0x60349a6248e0_0 .var "result", 31 0;
v0x60349a624a10_0 .net "shift_amount", 4 0, L_0x60349a625170;  1 drivers
v0x60349a624af0_0 .var/s "signed_operand_a", 31 0;
v0x60349a624bd0_0 .var/s "signed_operand_b", 31 0;
v0x60349a624cb0_0 .net "zero", 0 0, L_0x60349a635270;  alias, 1 drivers
E_0x60349a5f7c80 .event anyedge, v0x60349a624740_0, v0x60349a624800_0, v0x60349a624660_0, v0x60349a624a10_0;
L_0x60349a625170 .part v0x60349a624f90_0, 0, 5;
L_0x60349a635270 .cmp/eq 32, v0x60349a6248e0_0, L_0x7af2ac491018;
    .scope S_0x60349a623b40;
T_1 ;
Ewait_0 .event/or E_0x60349a5f7c80, E_0x0;
    %wait Ewait_0;
    %load/vec4 v0x60349a624740_0;
    %store/vec4 v0x60349a624af0_0, 0, 32;
    %load/vec4 v0x60349a624800_0;
    %store/vec4 v0x60349a624bd0_0, 0, 32;
    %pushi/vec4 0, 0, 32;
    %store/vec4 v0x60349a6248e0_0, 0, 32;
    %load/vec4 v0x60349a624660_0;
    %dup/vec4;
    %pushi/vec4 0, 0, 4;
    %cmp/u;
    %jmp/1 T_1.0, 6;
    %dup/vec4;
    %pushi/vec4 1, 0, 4;
    %cmp/u;
    %jmp/1 T_1.1, 6;
    %dup/vec4;
    %pushi/vec4 2, 0, 4;
    %cmp/u;
    %jmp/1 T_1.2, 6;
    %dup/vec4;
    %pushi/vec4 3, 0, 4;
    %cmp/u;
    %jmp/1 T_1.3, 6;
    %dup/vec4;
    %pushi/vec4 4, 0, 4;
    %cmp/u;
    %jmp/1 T_1.4, 6;
    %dup/vec4;
    %pushi/vec4 5, 0, 4;
    %cmp/u;
    %jmp/1 T_1.5, 6;
    %dup/vec4;
    %pushi/vec4 6, 0, 4;
    %cmp/u;
    %jmp/1 T_1.6, 6;
    %dup/vec4;
    %pushi/vec4 7, 0, 4;
    %cmp/u;
    %jmp/1 T_1.7, 6;
    %dup/vec4;
    %pushi/vec4 8, 0, 4;
    %cmp/u;
    %jmp/1 T_1.8, 6;
    %dup/vec4;
    %pushi/vec4 9, 0, 4;
    %cmp/u;
    %jmp/1 T_1.9, 6;
    %dup/vec4;
    %pushi/vec4 10, 0, 4;
    %cmp/u;
    %jmp/1 T_1.10, 6;
    %pushi/vec4 0, 0, 32;
    %store/vec4 v0x60349a6248e0_0, 0, 32;
    %jmp T_1.12;
T_1.0 ;
    %load/vec4 v0x60349a624740_0;
    %load/vec4 v0x60349a624800_0;
    %add;
    %store/vec4 v0x60349a6248e0_0, 0, 32;
    %jmp T_1.12;
T_1.1 ;
    %load/vec4 v0x60349a624740_0;
    %load/vec4 v0x60349a624800_0;
    %sub;
    %store/vec4 v0x60349a6248e0_0, 0, 32;
    %jmp T_1.12;
T_1.2 ;
    %load/vec4 v0x60349a624740_0;
    %load/vec4 v0x60349a624800_0;
    %and;
    %store/vec4 v0x60349a6248e0_0, 0, 32;
    %jmp T_1.12;
T_1.3 ;
    %load/vec4 v0x60349a624740_0;
    %load/vec4 v0x60349a624800_0;
    %or;
    %store/vec4 v0x60349a6248e0_0, 0, 32;
    %jmp T_1.12;
T_1.4 ;
    %load/vec4 v0x60349a624740_0;
    %load/vec4 v0x60349a624800_0;
    %xor;
    %store/vec4 v0x60349a6248e0_0, 0, 32;
    %jmp T_1.12;
T_1.5 ;
    %pushi/vec4 0, 0, 31;
    %load/vec4 v0x60349a624af0_0;
    %load/vec4 v0x60349a624bd0_0;
    %cmp/s;
    %flag_get/vec4 5;
    %concat/vec4; draw_concat_vec4
    %store/vec4 v0x60349a6248e0_0, 0, 32;
    %jmp T_1.12;
T_1.6 ;
    %pushi/vec4 0, 0, 31;
    %load/vec4 v0x60349a624740_0;
    %load/vec4 v0x60349a624800_0;
    %cmp/u;
    %flag_get/vec4 5;
    %concat/vec4; draw_concat_vec4
    %store/vec4 v0x60349a6248e0_0, 0, 32;
    %jmp T_1.12;
T_1.7 ;
    %load/vec4 v0x60349a624740_0;
    %ix/getv 4, v0x60349a624a10_0;
    %shiftl 4;
    %store/vec4 v0x60349a6248e0_0, 0, 32;
    %jmp T_1.12;
T_1.8 ;
    %load/vec4 v0x60349a624740_0;
    %ix/getv 4, v0x60349a624a10_0;
    %shiftr 4;
    %store/vec4 v0x60349a6248e0_0, 0, 32;
    %jmp T_1.12;
T_1.9 ;
    %load/vec4 v0x60349a624af0_0;
    %ix/getv 4, v0x60349a624a10_0;
    %shiftr/s 4;
    %store/vec4 v0x60349a6248e0_0, 0, 32;
    %jmp T_1.12;
T_1.10 ;
    %load/vec4 v0x60349a624800_0;
    %store/vec4 v0x60349a6248e0_0, 0, 32;
    %jmp T_1.12;
T_1.12 ;
    %pop/vec4 1;
    %jmp T_1;
    .thread T_1, $push;
    .scope S_0x60349a5fd180;
T_2 ;
    %vpi_call/w 3 44 "$dumpfile", "dump.vcd" {0 0 0};
    %vpi_call/w 3 45 "$dumpvars", 32'sb00000000000000000000000000000000, S_0x60349a5fd180 {0 0 0};
    %pushi/vec4 10, 0, 32;
    %store/vec4 v0x60349a624ef0_0, 0, 32;
    %pushi/vec4 5, 0, 32;
    %store/vec4 v0x60349a624f90_0, 0, 32;
    %pushi/vec4 0, 0, 4;
    %store/vec4 v0x60349a624e10_0, 0, 4;
    %alloc S_0x60349a5bc500;
    %pushi/vec4 15, 0, 32;
    %store/vec4 v0x60349a5bc6e0_0, 0, 32;
    %pushi/vec4 0, 0, 1;
    %store/vec4 v0x60349a6239e0_0, 0, 1;
    %pushi/str "ADD";
    %store/str v0x60349a623aa0_0;
    %fork TD_alu_tb.check_result, S_0x60349a5bc500;
    %join;
    %free S_0x60349a5bc500;
    %pushi/vec4 1, 0, 4;
    %store/vec4 v0x60349a624e10_0, 0, 4;
    %alloc S_0x60349a5bc500;
    %pushi/vec4 5, 0, 32;
    %store/vec4 v0x60349a5bc6e0_0, 0, 32;
    %pushi/vec4 0, 0, 1;
    %store/vec4 v0x60349a6239e0_0, 0, 1;
    %pushi/str "SUB";
    %store/str v0x60349a623aa0_0;
    %fork TD_alu_tb.check_result, S_0x60349a5bc500;
    %join;
    %free S_0x60349a5bc500;
    %pushi/vec4 2, 0, 4;
    %store/vec4 v0x60349a624e10_0, 0, 4;
    %alloc S_0x60349a5bc500;
    %pushi/vec4 0, 0, 32;
    %store/vec4 v0x60349a5bc6e0_0, 0, 32;
    %pushi/vec4 1, 0, 1;
    %store/vec4 v0x60349a6239e0_0, 0, 1;
    %pushi/str "AND";
    %store/str v0x60349a623aa0_0;
    %fork TD_alu_tb.check_result, S_0x60349a5bc500;
    %join;
    %free S_0x60349a5bc500;
    %pushi/vec4 3, 0, 4;
    %store/vec4 v0x60349a624e10_0, 0, 4;
    %alloc S_0x60349a5bc500;
    %pushi/vec4 15, 0, 32;
    %store/vec4 v0x60349a5bc6e0_0, 0, 32;
    %pushi/vec4 0, 0, 1;
    %store/vec4 v0x60349a6239e0_0, 0, 1;
    %pushi/str "OR";
    %store/str v0x60349a623aa0_0;
    %fork TD_alu_tb.check_result, S_0x60349a5bc500;
    %join;
    %free S_0x60349a5bc500;
    %pushi/vec4 4, 0, 4;
    %store/vec4 v0x60349a624e10_0, 0, 4;
    %alloc S_0x60349a5bc500;
    %pushi/vec4 15, 0, 32;
    %store/vec4 v0x60349a5bc6e0_0, 0, 32;
    %pushi/vec4 0, 0, 1;
    %store/vec4 v0x60349a6239e0_0, 0, 1;
    %pushi/str "XOR";
    %store/str v0x60349a623aa0_0;
    %fork TD_alu_tb.check_result, S_0x60349a5bc500;
    %join;
    %free S_0x60349a5bc500;
    %pushi/vec4 4294967292, 0, 32;
    %store/vec4 v0x60349a624ef0_0, 0, 32;
    %pushi/vec4 1, 0, 32;
    %store/vec4 v0x60349a624f90_0, 0, 32;
    %pushi/vec4 5, 0, 4;
    %store/vec4 v0x60349a624e10_0, 0, 4;
    %alloc S_0x60349a5bc500;
    %pushi/vec4 1, 0, 32;
    %store/vec4 v0x60349a5bc6e0_0, 0, 32;
    %pushi/vec4 0, 0, 1;
    %store/vec4 v0x60349a6239e0_0, 0, 1;
    %pushi/str "SLT signed";
    %store/str v0x60349a623aa0_0;
    %fork TD_alu_tb.check_result, S_0x60349a5bc500;
    %join;
    %free S_0x60349a5bc500;
    %pushi/vec4 4294967292, 0, 32;
    %store/vec4 v0x60349a624ef0_0, 0, 32;
    %pushi/vec4 1, 0, 32;
    %store/vec4 v0x60349a624f90_0, 0, 32;
    %pushi/vec4 6, 0, 4;
    %store/vec4 v0x60349a624e10_0, 0, 4;
    %alloc S_0x60349a5bc500;
    %pushi/vec4 0, 0, 32;
    %store/vec4 v0x60349a5bc6e0_0, 0, 32;
    %pushi/vec4 1, 0, 1;
    %store/vec4 v0x60349a6239e0_0, 0, 1;
    %pushi/str "SLTU unsigned";
    %store/str v0x60349a623aa0_0;
    %fork TD_alu_tb.check_result, S_0x60349a5bc500;
    %join;
    %free S_0x60349a5bc500;
    %pushi/vec4 1, 0, 32;
    %store/vec4 v0x60349a624ef0_0, 0, 32;
    %pushi/vec4 3, 0, 32;
    %store/vec4 v0x60349a624f90_0, 0, 32;
    %pushi/vec4 7, 0, 4;
    %store/vec4 v0x60349a624e10_0, 0, 4;
    %alloc S_0x60349a5bc500;
    %pushi/vec4 8, 0, 32;
    %store/vec4 v0x60349a5bc6e0_0, 0, 32;
    %pushi/vec4 0, 0, 1;
    %store/vec4 v0x60349a6239e0_0, 0, 1;
    %pushi/str "SLL";
    %store/str v0x60349a623aa0_0;
    %fork TD_alu_tb.check_result, S_0x60349a5bc500;
    %join;
    %free S_0x60349a5bc500;
    %pushi/vec4 8, 0, 32;
    %store/vec4 v0x60349a624ef0_0, 0, 32;
    %pushi/vec4 3, 0, 32;
    %store/vec4 v0x60349a624f90_0, 0, 32;
    %pushi/vec4 8, 0, 4;
    %store/vec4 v0x60349a624e10_0, 0, 4;
    %alloc S_0x60349a5bc500;
    %pushi/vec4 1, 0, 32;
    %store/vec4 v0x60349a5bc6e0_0, 0, 32;
    %pushi/vec4 0, 0, 1;
    %store/vec4 v0x60349a6239e0_0, 0, 1;
    %pushi/str "SRL";
    %store/str v0x60349a623aa0_0;
    %fork TD_alu_tb.check_result, S_0x60349a5bc500;
    %join;
    %free S_0x60349a5bc500;
    %pushi/vec4 2147483648, 0, 32;
    %store/vec4 v0x60349a624ef0_0, 0, 32;
    %pushi/vec4 3, 0, 32;
    %store/vec4 v0x60349a624f90_0, 0, 32;
    %pushi/vec4 9, 0, 4;
    %store/vec4 v0x60349a624e10_0, 0, 4;
    %alloc S_0x60349a5bc500;
    %pushi/vec4 4026531840, 0, 32;
    %store/vec4 v0x60349a5bc6e0_0, 0, 32;
    %pushi/vec4 0, 0, 1;
    %store/vec4 v0x60349a6239e0_0, 0, 1;
    %pushi/str "SRA";
    %store/str v0x60349a623aa0_0;
    %fork TD_alu_tb.check_result, S_0x60349a5bc500;
    %join;
    %free S_0x60349a5bc500;
    %pushi/vec4 305419896, 0, 32;
    %store/vec4 v0x60349a624f90_0, 0, 32;
    %pushi/vec4 10, 0, 4;
    %store/vec4 v0x60349a624e10_0, 0, 4;
    %alloc S_0x60349a5bc500;
    %pushi/vec4 305419896, 0, 32;
    %store/vec4 v0x60349a5bc6e0_0, 0, 32;
    %pushi/vec4 0, 0, 1;
    %store/vec4 v0x60349a6239e0_0, 0, 1;
    %pushi/str "PASS";
    %store/str v0x60349a623aa0_0;
    %fork TD_alu_tb.check_result, S_0x60349a5bc500;
    %join;
    %free S_0x60349a5bc500;
    %vpi_call/w 3 94 "$display", "All ALU tests passed." {0 0 0};
    %vpi_call/w 3 95 "$finish" {0 0 0};
    %end;
    .thread T_2;
# The file index is used to find the file name in the following table.
:file_names 5;
    "N/A";
    "<interactive>";
    "-";
    "../tb/alu_tb.sv";
    "../rtl/alu.sv";
