#! /home/arachnid/miniforge3/envs/ee/bin/vvp
:ivl_version "12.0 (stable)";
:ivl_delay_selection "TYPICAL";
:vpi_time_precision + 0;
:vpi_module "/home/arachnid/miniforge3/envs/ee/lib/ivl/system.vpi";
:vpi_module "/home/arachnid/miniforge3/envs/ee/lib/ivl/vhdl_sys.vpi";
:vpi_module "/home/arachnid/miniforge3/envs/ee/lib/ivl/vhdl_textio.vpi";
:vpi_module "/home/arachnid/miniforge3/envs/ee/lib/ivl/v2005_math.vpi";
:vpi_module "/home/arachnid/miniforge3/envs/ee/lib/ivl/va_math.vpi";
:vpi_module "/home/arachnid/miniforge3/envs/ee/lib/ivl/v2009.vpi";
S_0x5d46ac3763d0 .scope package, "$unit" "$unit" 2 1;
 .timescale 0 0;
S_0x5d46ac3b51e0 .scope module, "reg_file_tb" "reg_file_tb" 3 1;
 .timescale 0 0;
v0x5d46ac3dc3f0_0 .var "clk", 0 0;
v0x5d46ac3dc4b0_0 .var "rd_addr", 4 0;
v0x5d46ac3dc550_0 .var "rd_data_in", 31 0;
v0x5d46ac3dc620_0 .var "reg_write", 0 0;
v0x5d46ac3dc6f0_0 .var "rs1_addr", 4 0;
v0x5d46ac3dc790_0 .net "rs1_data", 31 0, v0x5d46ac3dbf70_0;  1 drivers
v0x5d46ac3dc860_0 .var "rs2_addr", 4 0;
v0x5d46ac3dc930_0 .net "rs2_data", 31 0, v0x5d46ac3dc130_0;  1 drivers
v0x5d46ac3dca00_0 .var "rst_n", 0 0;
E_0x5d46ac3aed10 .event posedge, v0x5d46ac3db560_0;
S_0x5d46ac3b5370 .scope autotask, "check_read" "check_read" 3 26, 3 26 0, S_0x5d46ac3b51e0;
 .timescale 0 0;
v0x5d46ac3b5500_0 .var "expected_rs1", 31 0;
v0x5d46ac3daf50_0 .var "expected_rs2", 31 0;
v0x5d46ac3db030_0 .var/str "test_name";
TD_reg_file_tb.check_read ;
    %delay 1, 0;
    %load/vec4 v0x5d46ac3dc790_0;
    %load/vec4 v0x5d46ac3b5500_0;
    %cmp/ne;
    %jmp/1 T_0.2, 6;
    %flag_mov 8, 6;
    %load/vec4 v0x5d46ac3dc930_0;
    %load/vec4 v0x5d46ac3daf50_0;
    %cmp/ne;
    %flag_or 6, 8;
T_0.2;
    %jmp/0xz  T_0.0, 6;
    %vpi_call/w 3 34 "$display", "FAIL: %s | expected rs1=%h rs2=%h, got rs1=%h rs2=%h", v0x5d46ac3db030_0, v0x5d46ac3b5500_0, v0x5d46ac3daf50_0, v0x5d46ac3dc790_0, v0x5d46ac3dc930_0 {0 0 0};
    %vpi_call/w 3 35 "$fatal", 32'sb00000000000000000000000000000001 {0 0 0};
T_0.0 ;
    %vpi_call/w 3 37 "$display", "PASS: %s", v0x5d46ac3db030_0 {0 0 0};
    %end;
S_0x5d46ac3db0d0 .scope module, "dut" "reg_file" 3 12, 4 1 0, S_0x5d46ac3b51e0;
 .timescale 0 0;
    .port_info 0 /INPUT 1 "clk";
    .port_info 1 /INPUT 1 "rst_n";
    .port_info 2 /INPUT 5 "rs1_addr";
    .port_info 3 /INPUT 5 "rs2_addr";
    .port_info 4 /INPUT 5 "rd_addr";
    .port_info 5 /INPUT 32 "rd_data_in";
    .port_info 6 /INPUT 1 "reg_write";
    .port_info 7 /OUTPUT 32 "rs1_data";
    .port_info 8 /OUTPUT 32 "rs2_data";
v0x5d46ac3db560_0 .net "clk", 0 0, v0x5d46ac3dc3f0_0;  1 drivers
v0x5d46ac3db640_0 .var/i "index", 31 0;
v0x5d46ac3db720_0 .net "rd_addr", 4 0, v0x5d46ac3dc4b0_0;  1 drivers
v0x5d46ac3db7e0_0 .net "rd_data_in", 31 0, v0x5d46ac3dc550_0;  1 drivers
v0x5d46ac3db8c0_0 .net "reg_write", 0 0, v0x5d46ac3dc620_0;  1 drivers
v0x5d46ac3db9d0 .array "registers", 0 31, 31 0;
v0x5d46ac3dbe90_0 .net "rs1_addr", 4 0, v0x5d46ac3dc6f0_0;  1 drivers
v0x5d46ac3dbf70_0 .var "rs1_data", 31 0;
v0x5d46ac3dc050_0 .net "rs2_addr", 4 0, v0x5d46ac3dc860_0;  1 drivers
v0x5d46ac3dc130_0 .var "rs2_data", 31 0;
v0x5d46ac3dc210_0 .net "rst_n", 0 0, v0x5d46ac3dca00_0;  1 drivers
E_0x5d46ac374aa0/0 .event anyedge, v0x5d46ac3dc210_0, v0x5d46ac3dbe90_0, v0x5d46ac3db8c0_0, v0x5d46ac3db720_0;
v0x5d46ac3db9d0_0 .array/port v0x5d46ac3db9d0, 0;
v0x5d46ac3db9d0_1 .array/port v0x5d46ac3db9d0, 1;
v0x5d46ac3db9d0_2 .array/port v0x5d46ac3db9d0, 2;
E_0x5d46ac374aa0/1 .event anyedge, v0x5d46ac3db7e0_0, v0x5d46ac3db9d0_0, v0x5d46ac3db9d0_1, v0x5d46ac3db9d0_2;
v0x5d46ac3db9d0_3 .array/port v0x5d46ac3db9d0, 3;
v0x5d46ac3db9d0_4 .array/port v0x5d46ac3db9d0, 4;
v0x5d46ac3db9d0_5 .array/port v0x5d46ac3db9d0, 5;
v0x5d46ac3db9d0_6 .array/port v0x5d46ac3db9d0, 6;
E_0x5d46ac374aa0/2 .event anyedge, v0x5d46ac3db9d0_3, v0x5d46ac3db9d0_4, v0x5d46ac3db9d0_5, v0x5d46ac3db9d0_6;
v0x5d46ac3db9d0_7 .array/port v0x5d46ac3db9d0, 7;
v0x5d46ac3db9d0_8 .array/port v0x5d46ac3db9d0, 8;
v0x5d46ac3db9d0_9 .array/port v0x5d46ac3db9d0, 9;
v0x5d46ac3db9d0_10 .array/port v0x5d46ac3db9d0, 10;
E_0x5d46ac374aa0/3 .event anyedge, v0x5d46ac3db9d0_7, v0x5d46ac3db9d0_8, v0x5d46ac3db9d0_9, v0x5d46ac3db9d0_10;
v0x5d46ac3db9d0_11 .array/port v0x5d46ac3db9d0, 11;
v0x5d46ac3db9d0_12 .array/port v0x5d46ac3db9d0, 12;
v0x5d46ac3db9d0_13 .array/port v0x5d46ac3db9d0, 13;
v0x5d46ac3db9d0_14 .array/port v0x5d46ac3db9d0, 14;
E_0x5d46ac374aa0/4 .event anyedge, v0x5d46ac3db9d0_11, v0x5d46ac3db9d0_12, v0x5d46ac3db9d0_13, v0x5d46ac3db9d0_14;
v0x5d46ac3db9d0_15 .array/port v0x5d46ac3db9d0, 15;
v0x5d46ac3db9d0_16 .array/port v0x5d46ac3db9d0, 16;
v0x5d46ac3db9d0_17 .array/port v0x5d46ac3db9d0, 17;
v0x5d46ac3db9d0_18 .array/port v0x5d46ac3db9d0, 18;
E_0x5d46ac374aa0/5 .event anyedge, v0x5d46ac3db9d0_15, v0x5d46ac3db9d0_16, v0x5d46ac3db9d0_17, v0x5d46ac3db9d0_18;
v0x5d46ac3db9d0_19 .array/port v0x5d46ac3db9d0, 19;
v0x5d46ac3db9d0_20 .array/port v0x5d46ac3db9d0, 20;
v0x5d46ac3db9d0_21 .array/port v0x5d46ac3db9d0, 21;
v0x5d46ac3db9d0_22 .array/port v0x5d46ac3db9d0, 22;
E_0x5d46ac374aa0/6 .event anyedge, v0x5d46ac3db9d0_19, v0x5d46ac3db9d0_20, v0x5d46ac3db9d0_21, v0x5d46ac3db9d0_22;
v0x5d46ac3db9d0_23 .array/port v0x5d46ac3db9d0, 23;
v0x5d46ac3db9d0_24 .array/port v0x5d46ac3db9d0, 24;
v0x5d46ac3db9d0_25 .array/port v0x5d46ac3db9d0, 25;
v0x5d46ac3db9d0_26 .array/port v0x5d46ac3db9d0, 26;
E_0x5d46ac374aa0/7 .event anyedge, v0x5d46ac3db9d0_23, v0x5d46ac3db9d0_24, v0x5d46ac3db9d0_25, v0x5d46ac3db9d0_26;
v0x5d46ac3db9d0_27 .array/port v0x5d46ac3db9d0, 27;
v0x5d46ac3db9d0_28 .array/port v0x5d46ac3db9d0, 28;
v0x5d46ac3db9d0_29 .array/port v0x5d46ac3db9d0, 29;
v0x5d46ac3db9d0_30 .array/port v0x5d46ac3db9d0, 30;
E_0x5d46ac374aa0/8 .event anyedge, v0x5d46ac3db9d0_27, v0x5d46ac3db9d0_28, v0x5d46ac3db9d0_29, v0x5d46ac3db9d0_30;
v0x5d46ac3db9d0_31 .array/port v0x5d46ac3db9d0, 31;
E_0x5d46ac374aa0/9 .event anyedge, v0x5d46ac3db9d0_31, v0x5d46ac3dc050_0;
E_0x5d46ac374aa0 .event/or E_0x5d46ac374aa0/0, E_0x5d46ac374aa0/1, E_0x5d46ac374aa0/2, E_0x5d46ac374aa0/3, E_0x5d46ac374aa0/4, E_0x5d46ac374aa0/5, E_0x5d46ac374aa0/6, E_0x5d46ac374aa0/7, E_0x5d46ac374aa0/8, E_0x5d46ac374aa0/9;
E_0x5d46ac3af910/0 .event negedge, v0x5d46ac3dc210_0;
E_0x5d46ac3af910/1 .event posedge, v0x5d46ac3db560_0;
E_0x5d46ac3af910 .event/or E_0x5d46ac3af910/0, E_0x5d46ac3af910/1;
    .scope S_0x5d46ac3db0d0;
T_1 ;
    %wait E_0x5d46ac3af910;
    %load/vec4 v0x5d46ac3dc210_0;
    %nor/r;
    %flag_set/vec4 8;
    %jmp/0xz  T_1.0, 8;
    %pushi/vec4 0, 0, 32;
    %store/vec4 v0x5d46ac3db640_0, 0, 32;
T_1.2 ;
    %load/vec4 v0x5d46ac3db640_0;
    %cmpi/s 32, 0, 32;
    %jmp/0xz T_1.3, 5;
    %pushi/vec4 0, 0, 32;
    %ix/getv/s 3, v0x5d46ac3db640_0;
    %ix/load 4, 0, 0; Constant delay
    %assign/vec4/a/d v0x5d46ac3db9d0, 0, 4;
    %load/vec4 v0x5d46ac3db640_0;
    %addi 1, 0, 32;
    %store/vec4 v0x5d46ac3db640_0, 0, 32;
    %jmp T_1.2;
T_1.3 ;
    %jmp T_1.1;
T_1.0 ;
    %load/vec4 v0x5d46ac3db8c0_0;
    %flag_set/vec4 9;
    %flag_get/vec4 9;
    %jmp/0 T_1.6, 9;
    %load/vec4 v0x5d46ac3db720_0;
    %pushi/vec4 0, 0, 5;
    %cmp/ne;
    %flag_get/vec4 4;
    %and;
T_1.6;
    %flag_set/vec4 8;
    %jmp/0xz  T_1.4, 8;
    %load/vec4 v0x5d46ac3db7e0_0;
    %load/vec4 v0x5d46ac3db720_0;
    %pad/u 7;
    %ix/vec4 3;
    %ix/load 4, 0, 0; Constant delay
    %assign/vec4/a/d v0x5d46ac3db9d0, 0, 4;
T_1.4 ;
T_1.1 ;
    %jmp T_1;
    .thread T_1;
    .scope S_0x5d46ac3db0d0;
T_2 ;
Ewait_0 .event/or E_0x5d46ac374aa0, E_0x0;
    %wait Ewait_0;
    %pushi/vec4 0, 0, 32;
    %store/vec4 v0x5d46ac3dbf70_0, 0, 32;
    %pushi/vec4 0, 0, 32;
    %store/vec4 v0x5d46ac3dc130_0, 0, 32;
    %load/vec4 v0x5d46ac3dc210_0;
    %flag_set/vec4 8;
    %jmp/0xz  T_2.0, 8;
    %load/vec4 v0x5d46ac3dbe90_0;
    %cmpi/e 0, 0, 5;
    %jmp/0xz  T_2.2, 4;
    %pushi/vec4 0, 0, 32;
    %store/vec4 v0x5d46ac3dbf70_0, 0, 32;
    %jmp T_2.3;
T_2.2 ;
    %load/vec4 v0x5d46ac3db8c0_0;
    %flag_set/vec4 10;
    %flag_get/vec4 10;
    %jmp/0 T_2.7, 10;
    %load/vec4 v0x5d46ac3db720_0;
    %load/vec4 v0x5d46ac3dbe90_0;
    %cmp/e;
    %flag_get/vec4 4;
    %and;
T_2.7;
    %flag_set/vec4 9;
    %flag_get/vec4 9;
    %jmp/0 T_2.6, 9;
    %load/vec4 v0x5d46ac3db720_0;
    %pushi/vec4 0, 0, 5;
    %cmp/ne;
    %flag_get/vec4 4;
    %and;
T_2.6;
    %flag_set/vec4 8;
    %jmp/0xz  T_2.4, 8;
    %load/vec4 v0x5d46ac3db7e0_0;
    %store/vec4 v0x5d46ac3dbf70_0, 0, 32;
    %jmp T_2.5;
T_2.4 ;
    %load/vec4 v0x5d46ac3dbe90_0;
    %pad/u 7;
    %ix/vec4 4;
    %load/vec4a v0x5d46ac3db9d0, 4;
    %store/vec4 v0x5d46ac3dbf70_0, 0, 32;
T_2.5 ;
T_2.3 ;
    %load/vec4 v0x5d46ac3dc050_0;
    %cmpi/e 0, 0, 5;
    %jmp/0xz  T_2.8, 4;
    %pushi/vec4 0, 0, 32;
    %store/vec4 v0x5d46ac3dc130_0, 0, 32;
    %jmp T_2.9;
T_2.8 ;
    %load/vec4 v0x5d46ac3db8c0_0;
    %flag_set/vec4 10;
    %flag_get/vec4 10;
    %jmp/0 T_2.13, 10;
    %load/vec4 v0x5d46ac3db720_0;
    %load/vec4 v0x5d46ac3dc050_0;
    %cmp/e;
    %flag_get/vec4 4;
    %and;
T_2.13;
    %flag_set/vec4 9;
    %flag_get/vec4 9;
    %jmp/0 T_2.12, 9;
    %load/vec4 v0x5d46ac3db720_0;
    %pushi/vec4 0, 0, 5;
    %cmp/ne;
    %flag_get/vec4 4;
    %and;
T_2.12;
    %flag_set/vec4 8;
    %jmp/0xz  T_2.10, 8;
    %load/vec4 v0x5d46ac3db7e0_0;
    %store/vec4 v0x5d46ac3dc130_0, 0, 32;
    %jmp T_2.11;
T_2.10 ;
    %load/vec4 v0x5d46ac3dc050_0;
    %pad/u 7;
    %ix/vec4 4;
    %load/vec4a v0x5d46ac3db9d0, 4;
    %store/vec4 v0x5d46ac3dc130_0, 0, 32;
T_2.11 ;
T_2.9 ;
T_2.0 ;
    %jmp T_2;
    .thread T_2, $push;
    .scope S_0x5d46ac3b51e0;
T_3 ;
    %delay 5, 0;
    %load/vec4 v0x5d46ac3dc3f0_0;
    %inv;
    %store/vec4 v0x5d46ac3dc3f0_0, 0, 1;
    %jmp T_3;
    .thread T_3;
    .scope S_0x5d46ac3b51e0;
T_4 ;
    %vpi_call/w 3 42 "$dumpfile", "dump.vcd" {0 0 0};
    %vpi_call/w 3 43 "$dumpvars", 32'sb00000000000000000000000000000000, S_0x5d46ac3b51e0 {0 0 0};
    %pushi/vec4 0, 0, 1;
    %store/vec4 v0x5d46ac3dc3f0_0, 0, 1;
    %pushi/vec4 0, 0, 1;
    %store/vec4 v0x5d46ac3dca00_0, 0, 1;
    %pushi/vec4 0, 0, 5;
    %store/vec4 v0x5d46ac3dc6f0_0, 0, 5;
    %pushi/vec4 0, 0, 5;
    %store/vec4 v0x5d46ac3dc860_0, 0, 5;
    %pushi/vec4 0, 0, 5;
    %store/vec4 v0x5d46ac3dc4b0_0, 0, 5;
    %pushi/vec4 0, 0, 32;
    %store/vec4 v0x5d46ac3dc550_0, 0, 32;
    %pushi/vec4 0, 0, 1;
    %store/vec4 v0x5d46ac3dc620_0, 0, 1;
    %delay 12, 0;
    %pushi/vec4 1, 0, 1;
    %store/vec4 v0x5d46ac3dca00_0, 0, 1;
    %delay 1, 0;
    %alloc S_0x5d46ac3b5370;
    %pushi/vec4 0, 0, 32;
    %store/vec4 v0x5d46ac3b5500_0, 0, 32;
    %pushi/vec4 0, 0, 32;
    %store/vec4 v0x5d46ac3daf50_0, 0, 32;
    %pushi/str "Reset clears reads to zero";
    %store/str v0x5d46ac3db030_0;
    %fork TD_reg_file_tb.check_read, S_0x5d46ac3b5370;
    %join;
    %free S_0x5d46ac3b5370;
    %pushi/vec4 0, 0, 5;
    %store/vec4 v0x5d46ac3dc6f0_0, 0, 5;
    %pushi/vec4 0, 0, 5;
    %store/vec4 v0x5d46ac3dc860_0, 0, 5;
    %pushi/vec4 1, 0, 5;
    %store/vec4 v0x5d46ac3dc4b0_0, 0, 5;
    %pushi/vec4 305419896, 0, 32;
    %store/vec4 v0x5d46ac3dc550_0, 0, 32;
    %pushi/vec4 1, 0, 1;
    %store/vec4 v0x5d46ac3dc620_0, 0, 1;
    %delay 1, 0;
    %alloc S_0x5d46ac3b5370;
    %pushi/vec4 0, 0, 32;
    %store/vec4 v0x5d46ac3b5500_0, 0, 32;
    %pushi/vec4 0, 0, 32;
    %store/vec4 v0x5d46ac3daf50_0, 0, 32;
    %pushi/str "X0 remains zero during write enable";
    %store/str v0x5d46ac3db030_0;
    %fork TD_reg_file_tb.check_read, S_0x5d46ac3b5370;
    %join;
    %free S_0x5d46ac3b5370;
    %wait E_0x5d46ac3aed10;
    %delay 1, 0;
    %pushi/vec4 0, 0, 1;
    %store/vec4 v0x5d46ac3dc620_0, 0, 1;
    %pushi/vec4 1, 0, 5;
    %store/vec4 v0x5d46ac3dc6f0_0, 0, 5;
    %pushi/vec4 0, 0, 5;
    %store/vec4 v0x5d46ac3dc860_0, 0, 5;
    %delay 1, 0;
    %alloc S_0x5d46ac3b5370;
    %pushi/vec4 305419896, 0, 32;
    %store/vec4 v0x5d46ac3b5500_0, 0, 32;
    %pushi/vec4 0, 0, 32;
    %store/vec4 v0x5d46ac3daf50_0, 0, 32;
    %pushi/str "Written register reads back";
    %store/str v0x5d46ac3db030_0;
    %fork TD_reg_file_tb.check_read, S_0x5d46ac3b5370;
    %join;
    %free S_0x5d46ac3b5370;
    %pushi/vec4 2, 0, 5;
    %store/vec4 v0x5d46ac3dc4b0_0, 0, 5;
    %pushi/vec4 3735928559, 0, 32;
    %store/vec4 v0x5d46ac3dc550_0, 0, 32;
    %pushi/vec4 1, 0, 1;
    %store/vec4 v0x5d46ac3dc620_0, 0, 1;
    %pushi/vec4 2, 0, 5;
    %store/vec4 v0x5d46ac3dc6f0_0, 0, 5;
    %pushi/vec4 1, 0, 5;
    %store/vec4 v0x5d46ac3dc860_0, 0, 5;
    %delay 1, 0;
    %alloc S_0x5d46ac3b5370;
    %pushi/vec4 3735928559, 0, 32;
    %store/vec4 v0x5d46ac3b5500_0, 0, 32;
    %pushi/vec4 305419896, 0, 32;
    %store/vec4 v0x5d46ac3daf50_0, 0, 32;
    %pushi/str "Same-cycle bypass on read ports";
    %store/str v0x5d46ac3db030_0;
    %fork TD_reg_file_tb.check_read, S_0x5d46ac3b5370;
    %join;
    %free S_0x5d46ac3b5370;
    %wait E_0x5d46ac3aed10;
    %delay 1, 0;
    %pushi/vec4 0, 0, 1;
    %store/vec4 v0x5d46ac3dc620_0, 0, 1;
    %pushi/vec4 2, 0, 5;
    %store/vec4 v0x5d46ac3dc6f0_0, 0, 5;
    %pushi/vec4 1, 0, 5;
    %store/vec4 v0x5d46ac3dc860_0, 0, 5;
    %delay 1, 0;
    %alloc S_0x5d46ac3b5370;
    %pushi/vec4 3735928559, 0, 32;
    %store/vec4 v0x5d46ac3b5500_0, 0, 32;
    %pushi/vec4 305419896, 0, 32;
    %store/vec4 v0x5d46ac3daf50_0, 0, 32;
    %pushi/str "Stored values persist after write clock";
    %store/str v0x5d46ac3db030_0;
    %fork TD_reg_file_tb.check_read, S_0x5d46ac3b5370;
    %join;
    %free S_0x5d46ac3b5370;
    %pushi/vec4 0, 0, 1;
    %store/vec4 v0x5d46ac3dca00_0, 0, 1;
    %delay 1, 0;
    %alloc S_0x5d46ac3b5370;
    %pushi/vec4 0, 0, 32;
    %store/vec4 v0x5d46ac3b5500_0, 0, 32;
    %pushi/vec4 0, 0, 32;
    %store/vec4 v0x5d46ac3daf50_0, 0, 32;
    %pushi/str "Async reset clears outputs";
    %store/str v0x5d46ac3db030_0;
    %fork TD_reg_file_tb.check_read, S_0x5d46ac3b5370;
    %join;
    %free S_0x5d46ac3b5370;
    %vpi_call/w 3 94 "$display", "All register file tests passed." {0 0 0};
    %vpi_call/w 3 95 "$finish" {0 0 0};
    %end;
    .thread T_4;
# The file index is used to find the file name in the following table.
:file_names 5;
    "N/A";
    "<interactive>";
    "-";
    "../tb/reg_file_tb.sv";
    "../rtl/reg_file.sv";
